<?xml version="1.0" encoding="UTF-8"?>
<!-- Generated by org.testng.reporters.JUnitXMLReporter -->
<testsuite ignored="1" hostname="DESKTOP-RN7KA4C" failures="1" tests="1" name="Default test(failed)" time="8.099" errors="0" timestamp="2025-03-24T18:03:05 IST">
  <testcase classname="Practice.test.InvoiceTest" name="createInvoiceTest" time="0.03">
    <failure type="junit.framework.ComparisonFailure" message="expected:&amp;lt;[vtiger CRM 5 - Commercial Open Source CRM]&amp;gt; but was:&amp;lt;[LogIn]&amp;gt;">
      <![CDATA[junit.framework.ComparisonFailure: expected:<[vtiger CRM 5 - Commercial Open Source CRM]> but was:<[LogIn]>
at junit.framework.Assert.assertEquals(Assert.java:85)
at junit.framework.Assert.assertEquals(Assert.java:91)
at Practice.test.InvoiceTest.createInvoiceTest(InvoiceTest.java:19)
at java.base/java.util.ArrayList.forEach(ArrayList.java:1597)
... Removed 25 stack frames]]>
    </failure>
  </testcase> <!-- createInvoiceTest -->
  <testcase classname="Practice.test.InvoiceTest" name="createInvoicewithContactTest" time="0.0">
    <ignored/>
  </testcase> <!-- createInvoicewithContactTest -->
</testsuite> <!-- Default test(failed) -->
